<?xml version="1.0" encoding="UTF-8"?>
<!-- Generated by org.testng.reporters.JUnitXMLReporter -->
<testsuite ignored="0" hostname="Rohits-MacBook-Air.local" failures="0" tests="3" name="Default test" time="1.7" errors="0" timestamp="2023-05-08T15:18:55 IST">
  <testcase classname="Files.DynamicJson" name="addBook" time="0.99"/>
  <testcase classname="Files.DynamicJson" name="addBook" time="0.402"/>
  <testcase classname="Files.DynamicJson" name="addBook" time="0.29"/>
</testsuite> <!-- Default test -->
