<?xml version="1.0" encoding="UTF-8"?>
<testng-results ignored="0" total="3" passed="3" failed="0" skipped="0">
  <reporter-output>
  </reporter-output>
  <suite started-at="2023-05-08T15:18:54 IST" name="Default suite" finished-at="2023-05-08T15:18:55 IST" duration-ms="1700">
    <groups>
    </groups>
    <test started-at="2023-05-08T15:18:54 IST" name="Default test" finished-at="2023-05-08T15:18:55 IST" duration-ms="1700">
      <class name="Files.DynamicJson">
        <test-method signature="addBook(java.lang.String,java.lang.String)[pri:0, instance:Files.DynamicJson@96def03]" started-at="2023-05-08T15:18:54 IST" name="addBook" data-provider="BooksData" finished-at="2023-05-08T15:18:55 IST" duration-ms="990" status="PASS">
          <params>
            <param index="0">
              <value>
                <![CDATA[ifdjf]]>
              </value>
            </param>
            <param index="1">
              <value>
                <![CDATA[4353]]>
              </value>
            </param>
          </params>
          <reporter-output>
          </reporter-output>
        </test-method> <!-- addBook -->
        <test-method signature="addBook(java.lang.String,java.lang.String)[pri:0, instance:Files.DynamicJson@96def03]" started-at="2023-05-08T15:18:55 IST" name="addBook" data-provider="BooksData" finished-at="2023-05-08T15:18:55 IST" duration-ms="402" status="PASS">
          <params>
            <param index="0">
              <value>
                <![CDATA[fg]]>
              </value>
            </param>
            <param index="1">
              <value>
                <![CDATA[4354]]>
              </value>
            </param>
          </params>
          <reporter-output>
          </reporter-output>
        </test-method> <!-- addBook -->
        <test-method signature="addBook(java.lang.String,java.lang.String)[pri:0, instance:Files.DynamicJson@96def03]" started-at="2023-05-08T15:18:55 IST" name="addBook" data-provider="BooksData" finished-at="2023-05-08T15:18:55 IST" duration-ms="290" status="PASS">
          <params>
            <param index="0">
              <value>
                <![CDATA[ff]]>
              </value>
            </param>
            <param index="1">
              <value>
                <![CDATA[4355]]>
              </value>
            </param>
          </params>
          <reporter-output>
          </reporter-output>
        </test-method> <!-- addBook -->
      </class> <!-- Files.DynamicJson -->
    </test> <!-- Default test -->
  </suite> <!-- Default suite -->
</testng-results>
